<?xml version="1.0" encoding="UTF-8"?>
<testng-results skipped="0" failed="0" ignored="0" total="2" passed="2">
  <reporter-output>
  </reporter-output>
  <suite name="Command line suite" duration-ms="13465" started-at="2018-05-09T04:38:23Z" finished-at="2018-05-09T04:38:36Z">
    <groups>
      <group name="test2">
        <method signature="File2Test.verify()[pri:0, instance:functional.File2Test@39aeed2f]" name="verify" class="functional.File2Test"/>
      </group> <!-- test2 -->
      <group name="testNG">
        <method signature="BasicSearchTest.verifyBasicSearch()[pri:0, instance:functional.BasicSearchTest@5c7fa833]" name="verifyBasicSearch" class="functional.BasicSearchTest"/>
      </group> <!-- testNG -->
    </groups>
    <test name="Command line test" duration-ms="13465" started-at="2018-05-09T04:38:23Z" finished-at="2018-05-09T04:38:36Z">
      <class name="functional.BasicSearchTest">
        <test-method status="PASS" signature="setup()[pri:0, instance:functional.BasicSearchTest@5c7fa833]" name="setup" is-config="true" duration-ms="6044" started-at="2018-05-09T04:38:23Z" finished-at="2018-05-09T04:38:29Z">
          <reporter-output>
          </reporter-output>
        </test-method> <!-- setup -->
        <test-method status="PASS" signature="verifyBasicSearch()[pri:0, instance:functional.BasicSearchTest@5c7fa833]" name="verifyBasicSearch" duration-ms="3434" started-at="2018-05-09T04:38:29Z" finished-at="2018-05-09T04:38:32Z">
          <reporter-output>
          </reporter-output>
        </test-method> <!-- verifyBasicSearch -->
        <test-method status="PASS" signature="tearDown()[pri:0, instance:functional.BasicSearchTest@5c7fa833]" name="tearDown" is-config="true" duration-ms="0" started-at="2018-05-09T04:38:32Z" finished-at="2018-05-09T04:38:32Z">
          <reporter-output>
          </reporter-output>
        </test-method> <!-- tearDown -->
      </class> <!-- functional.BasicSearchTest -->
      <class name="functional.File2Test">
        <test-method status="PASS" signature="setup()[pri:0, instance:functional.File2Test@39aeed2f]" name="setup" is-config="true" duration-ms="3930" started-at="2018-05-09T04:38:32Z" finished-at="2018-05-09T04:38:36Z">
          <reporter-output>
          </reporter-output>
        </test-method> <!-- setup -->
        <test-method status="PASS" signature="verify()[pri:0, instance:functional.File2Test@39aeed2f]" name="verify" duration-ms="1" started-at="2018-05-09T04:38:36Z" finished-at="2018-05-09T04:38:36Z">
          <reporter-output>
          </reporter-output>
        </test-method> <!-- verify -->
        <test-method status="PASS" signature="tearDown()[pri:0, instance:functional.File2Test@39aeed2f]" name="tearDown" is-config="true" duration-ms="0" started-at="2018-05-09T04:38:36Z" finished-at="2018-05-09T04:38:36Z">
          <reporter-output>
          </reporter-output>
        </test-method> <!-- tearDown -->
      </class> <!-- functional.File2Test -->
    </test> <!-- Command line test -->
  </suite> <!-- Command line suite -->
</testng-results>
